<?xml version="1.0" encoding="UTF-8"?>
<!-- Generated by org.testng.reporters.JUnitReportReporter -->
<testsuite hostname="Swetha" failures="0" tests="2" name="test.Demo_ErrorValidations_Test" time="29.143" errors="0" timestamp="2023-04-01T16:41:24 IST" skipped="0">
  <testcase classname="test.Demo_ErrorValidations_Test" name="errorValidationOnEnginePerformance" time="15.298"/>
  <system-out/>
  <testcase classname="test.Demo_ErrorValidations_Test" name="verifyDropdownOptions" time="13.845"/>
  <system-out/>
</testsuite> <!-- test.Demo_ErrorValidations_Test -->
